Example app listening on port 3002!
Get upload
{ fieldname: 'userfile',
  originalname: '197ffd2b-8ce1-4266-868a-81bc68674c08.jpg',
  encoding: '7bit',
  mimetype: 'text/plain',
  destination: 'uploads/',
  filename: '197ffd2b-8ce1-4266-868a-81bc68674c08.jpg',
  path: 'uploads/197ffd2b-8ce1-4266-868a-81bc68674c08.jpg',
  size: 698927 }
file save
197ffd2b-8ce1-4266-868a-81bc68674c08
inception predict
stdout: {"category": "electronics", "max_label": "monitor"}

{ category: 'electronics',
  max_label: 'monitor',
  ID: 7,
  cate_ID: 7 }
child process exited with code 1
{ fieldname: 'userfile',
  originalname: 'def1143c-801b-41d5-bc71-7a4c5c498b98.png',
  encoding: '7bit',
  mimetype: 'text/plain',
  destination: 'uploads/',
  filename: 'def1143c-801b-41d5-bc71-7a4c5c498b98.png',
  path: 'uploads/def1143c-801b-41d5-bc71-7a4c5c498b98.png',
  size: 11676 }
file save
def1143c-801b-41d5-bc71-7a4c5c498b98
inception predict
stdout: {"max_label": "none", "category": "etc"}

{ max_label: 'none', category: 'etc' }
child process exited with code 1
{ fieldname: 'userfile',
  originalname: 'a60cdacb-5798-442d-a14e-055c0f90f395.jpg',
  encoding: '7bit',
  mimetype: 'text/plain',
  destination: 'uploads/',
  filename: 'a60cdacb-5798-442d-a14e-055c0f90f395.jpg',
  path: 'uploads/a60cdacb-5798-442d-a14e-055c0f90f395.jpg',
  size: 202536 }
file save
a60cdacb-5798-442d-a14e-055c0f90f395
inception predict
stdout: {"max_label": "none", "category": "etc"}

{ max_label: 'none', category: 'etc' }
child process exited with code 1
{ fieldname: 'userfile',
  originalname: 'animal_spider',
  encoding: '7bit',
  mimetype: 'text/plain',
  destination: 'uploads/',
  filename: 'animal_spider',
  path: 'uploads/animal_spider',
  size: 202536 }
train request
(node:23206) [DEP0013] DeprecationWarning: Calling an asynchronous function without callback is deprecated.
make directory
{ fieldname: 'userfile',
  originalname: '9fdf3f34-107c-459d-bd43-21522723fb52.jpg',
  encoding: '7bit',
  mimetype: 'text/plain',
  destination: 'uploads/',
  filename: '9fdf3f34-107c-459d-bd43-21522723fb52.jpg',
  path: 'uploads/9fdf3f34-107c-459d-bd43-21522723fb52.jpg',
  size: 203128 }
file save
9fdf3f34-107c-459d-bd43-21522723fb52
inception predict
stdout: {"max_label": "none", "category": "etc"}

{ max_label: 'none', category: 'etc' }
child process exited with code 1
{ fieldname: 'userfile',
  originalname: 'animal_spider',
  encoding: '7bit',
  mimetype: 'text/plain',
  destination: 'uploads/',
  filename: 'animal_spider',
  path: 'uploads/animal_spider',
  size: 203128 }
train request
(node:23206) [DEP0013] DeprecationWarning: Calling an asynchronous function without callback is deprecated.
make directory
{ fieldname: 'userfile',
  originalname: '6a3c9131-8333-4ca9-8d0a-e53ff47d27dc.jpg',
  encoding: '7bit',
  mimetype: 'text/plain',
  destination: 'uploads/',
  filename: '6a3c9131-8333-4ca9-8d0a-e53ff47d27dc.jpg',
  path: 'uploads/6a3c9131-8333-4ca9-8d0a-e53ff47d27dc.jpg',
  size: 202478 }
file save
6a3c9131-8333-4ca9-8d0a-e53ff47d27dc
inception predict
stdout: {"category": "etc", "max_label": "none"}

{ category: 'etc', max_label: 'none' }
child process exited with code 1
{ fieldname: 'userfile',
  originalname: 'animal_spider',
  encoding: '7bit',
  mimetype: 'text/plain',
  destination: 'uploads/',
  filename: 'animal_spider',
  path: 'uploads/animal_spider',
  size: 202478 }
train request
(node:23206) [DEP0013] DeprecationWarning: Calling an asynchronous function without callback is deprecated.
make directory
{ fieldname: 'userfile',
  originalname: 'animal_spider',
  encoding: '7bit',
  mimetype: 'text/plain',
  destination: 'uploads/',
  filename: 'animal_spider',
  path: 'uploads/animal_spider',
  size: 202478 }
train request
(node:23206) [DEP0013] DeprecationWarning: Calling an asynchronous function without callback is deprecated.
make directory
{ fieldname: 'userfile',
  originalname: '19218b85-e529-4785-8a93-efa034bf21e2.png',
  encoding: '7bit',
  mimetype: 'text/plain',
  destination: 'uploads/',
  filename: '19218b85-e529-4785-8a93-efa034bf21e2.png',
  path: 'uploads/19218b85-e529-4785-8a93-efa034bf21e2.png',
  size: 25624 }
file save
19218b85-e529-4785-8a93-efa034bf21e2
inception predict
stdout: {"max_label": "none", "category": "etc"}

{ max_label: 'none', category: 'etc' }
child process exited with code 1
{ fieldname: 'userfile',
  originalname: 'animal_pig',
  encoding: '7bit',
  mimetype: 'text/plain',
  destination: 'uploads/',
  filename: 'animal_pig',
  path: 'uploads/animal_pig',
  size: 25624 }
train request
(node:23206) [DEP0013] DeprecationWarning: Calling an asynchronous function without callback is deprecated.
make directory
{ fieldname: 'userfile',
  originalname: '2cfdaf67-e569-4ae4-a22b-d240e7c16517.png',
  encoding: '7bit',
  mimetype: 'text/plain',
  destination: 'uploads/',
  filename: '2cfdaf67-e569-4ae4-a22b-d240e7c16517.png',
  path: 'uploads/2cfdaf67-e569-4ae4-a22b-d240e7c16517.png',
  size: 15541 }
file save
2cfdaf67-e569-4ae4-a22b-d240e7c16517
inception predict
stdout: {"category": "animal", "max_label": "dog"}

{ category: 'animal', max_label: 'dog', ID: 2, cate_ID: 1 }
child process exited with code 1
{ fieldname: 'userfile',
  originalname: '248e3e6e-6dcd-462b-af36-37bce50d8b46.png',
  encoding: '7bit',
  mimetype: 'text/plain',
  destination: 'uploads/',
  filename: '248e3e6e-6dcd-462b-af36-37bce50d8b46.png',
  path: 'uploads/248e3e6e-6dcd-462b-af36-37bce50d8b46.png',
  size: 21752 }
file save
248e3e6e-6dcd-462b-af36-37bce50d8b46
inception predict
stdout: {"category": "etc", "max_label": "none"}

{ category: 'etc', max_label: 'none' }
child process exited with code 1
{ fieldname: 'userfile',
  originalname: 'animal_pig',
  encoding: '7bit',
  mimetype: 'text/plain',
  destination: 'uploads/',
  filename: 'animal_pig',
  path: 'uploads/animal_pig',
  size: 21752 }
train request
(node:23206) [DEP0013] DeprecationWarning: Calling an asynchronous function without callback is deprecated.
make directory
{ fieldname: 'userfile',
  originalname: '85cc1124-bec5-4a32-9573-d836b3228810.png',
  encoding: '7bit',
  mimetype: 'text/plain',
  destination: 'uploads/',
  filename: '85cc1124-bec5-4a32-9573-d836b3228810.png',
  path: 'uploads/85cc1124-bec5-4a32-9573-d836b3228810.png',
  size: 26129 }
file save
85cc1124-bec5-4a32-9573-d836b3228810
inception predict
stdout: {"max_label": "dog", "category": "animal"}

{ max_label: 'dog', category: 'animal', ID: 2, cate_ID: 1 }
child process exited with code 1
{ fieldname: 'userfile',
  originalname: '3e4a61c7-7864-4fd2-9e9f-28fc24e0bb61.png',
  encoding: '7bit',
  mimetype: 'text/plain',
  destination: 'uploads/',
  filename: '3e4a61c7-7864-4fd2-9e9f-28fc24e0bb61.png',
  path: 'uploads/3e4a61c7-7864-4fd2-9e9f-28fc24e0bb61.png',
  size: 20460 }
file save
3e4a61c7-7864-4fd2-9e9f-28fc24e0bb61
inception predict
stdout: {"max_label": "none", "category": "etc"}

{ max_label: 'none', category: 'etc' }
child process exited with code 1
{ fieldname: 'userfile',
  originalname: 'animal_pig',
  encoding: '7bit',
  mimetype: 'text/plain',
  destination: 'uploads/',
  filename: 'animal_pig',
  path: 'uploads/animal_pig',
  size: 20460 }
train request
(node:23206) [DEP0013] DeprecationWarning: Calling an asynchronous function without callback is deprecated.
make directory
{ fieldname: 'userfile',
  originalname: 'ec1dad02-6d80-485e-ba25-a85b9d5d7e50.jpg',
  encoding: '7bit',
  mimetype: 'text/plain',
  destination: 'uploads/',
  filename: 'ec1dad02-6d80-485e-ba25-a85b9d5d7e50.jpg',
  path: 'uploads/ec1dad02-6d80-485e-ba25-a85b9d5d7e50.jpg',
  size: 202248 }
file save
ec1dad02-6d80-485e-ba25-a85b9d5d7e50
inception predict
stdout: {"category": "etc", "max_label": "none"}

{ category: 'etc', max_label: 'none' }
child process exited with code 1
{ fieldname: 'userfile',
  originalname: 'animal_spider',
  encoding: '7bit',
  mimetype: 'text/plain',
  destination: 'uploads/',
  filename: 'animal_spider',
  path: 'uploads/animal_spider',
  size: 202248 }
train request
(node:23206) [DEP0013] DeprecationWarning: Calling an asynchronous function without callback is deprecated.
make directory
{ fieldname: 'userfile',
  originalname: '88f106c0-0bb5-4e4b-80d4-2054251598d7.jpg',
  encoding: '7bit',
  mimetype: 'text/plain',
  destination: 'uploads/',
  filename: '88f106c0-0bb5-4e4b-80d4-2054251598d7.jpg',
  path: 'uploads/88f106c0-0bb5-4e4b-80d4-2054251598d7.jpg',
  size: 208928 }
file save
88f106c0-0bb5-4e4b-80d4-2054251598d7
inception predict
stdout: {"max_label": "giraffe", "category": "animal"}

{ max_label: 'giraffe', category: 'animal', ID: 39, cate_ID: 1 }
child process exited with code 1
{ fieldname: 'userfile',
  originalname: 'animal_bird',
  encoding: '7bit',
  mimetype: 'text/plain',
  destination: 'uploads/',
  filename: 'animal_bird',
  path: 'uploads/animal_bird',
  size: 208928 }
train request
(node:23206) [DEP0013] DeprecationWarning: Calling an asynchronous function without callback is deprecated.
make directory
{ fieldname: 'userfile',
  originalname: '7fd47244-a896-4de0-af15-96fdf19c5f7d111567196.jpg',
  encoding: '7bit',
  mimetype: 'text/plain',
  destination: 'uploads/',
  filename: '7fd47244-a896-4de0-af15-96fdf19c5f7d111567196.jpg',
  path: 'uploads/7fd47244-a896-4de0-af15-96fdf19c5f7d111567196.jpg',
  size: 323943 }
file save
7fd47244-a896-4de0-af15-96fdf19c5f7d111567196
inception predict
stdout: {"category": "etc", "max_label": "none"}

{ category: 'etc', max_label: 'none' }
child process exited with code 1
{ fieldname: 'userfile',
  originalname: 'ae441806-a396-437e-8f46-bf0311b92d70888727996.jpg',
  encoding: '7bit',
  mimetype: 'text/plain',
  destination: 'uploads/',
  filename: 'ae441806-a396-437e-8f46-bf0311b92d70888727996.jpg',
  path: 'uploads/ae441806-a396-437e-8f46-bf0311b92d70888727996.jpg',
  size: 348517 }
file save
ae441806-a396-437e-8f46-bf0311b92d70888727996
inception predict
stdout: {"max_label": "none", "category": "etc"}

{ max_label: 'none', category: 'etc' }
child process exited with code 1
{ fieldname: 'userfile',
  originalname: 'bathroom_toothpaste',
  encoding: '7bit',
  mimetype: 'text/plain',
  destination: 'uploads/',
  filename: 'bathroom_toothpaste',
  path: 'uploads/bathroom_toothpaste',
  size: 348517 }
train request
(node:23206) [DEP0013] DeprecationWarning: Calling an asynchronous function without callback is deprecated.
make directory
{ fieldname: 'userfile',
  originalname: 'fb77c6f1-d351-4f37-9ec5-3498a42666541842763564.jpg',
  encoding: '7bit',
  mimetype: 'text/plain',
  destination: 'uploads/',
  filename: 'fb77c6f1-d351-4f37-9ec5-3498a42666541842763564.jpg',
  path: 'uploads/fb77c6f1-d351-4f37-9ec5-3498a42666541842763564.jpg',
  size: 297363 }
file save
fb77c6f1-d351-4f37-9ec5-3498a42666541842763564
inception predict
stdout: {"max_label": "none", "category": "etc"}

{ max_label: 'none', category: 'etc' }
child process exited with code 1
{ fieldname: 'userfile',
  originalname: 'bathroom_toothpaste',
  encoding: '7bit',
  mimetype: 'text/plain',
  destination: 'uploads/',
  filename: 'bathroom_toothpaste',
  path: 'uploads/bathroom_toothpaste',
  size: 297363 }
train request
(node:23206) [DEP0013] DeprecationWarning: Calling an asynchronous function without callback is deprecated.
make directory
error: Forever detected script was killed by signal: SIGKILL
Example app listening on port 3002!
{ fieldname: 'userfile',
  originalname: 'animal_tiger.jpg',
  encoding: '7bit',
  mimetype: 'image/jpeg',
  destination: 'uploads/',
  filename: 'animal_tiger.jpg',
  path: 'uploads/animal_tiger.jpg',
  size: 12018 }
train request
animal
tiger
tiger
/home/ubuntu/myapp/routes/inception.js:76
			if(!db_result[0]){
			             ^

TypeError: Cannot read property '0' of undefined
    at /home/ubuntu/myapp/routes/inception.js:76:17
    at Statement.<anonymous> (/home/ubuntu/myapp/node_modules/sqlite-json/index.js:47:9)
error: Forever detected script exited with code: 1
error: Script restart attempt #1
Example app listening on port 3002!
error: Forever detected script was killed by signal: SIGKILL
Example app listening on port 3002!
error: Forever detected script was killed by signal: SIGKILL
Example app listening on port 3002!
{ fieldname: 'userfile',
  originalname: 'animal_tiger.jpg',
  encoding: '7bit',
  mimetype: 'image/jpeg',
  destination: 'uploads/',
  filename: 'animal_tiger.jpg',
  path: 'uploads/animal_tiger.jpg',
  size: 12018 }
train request
animal
tiger
tiger
[]
undefined
select_1 :  undefined
{ fieldname: 'userfile',
  originalname: 'f02e719b-a20d-4f5a-8fd3-32bc2c74eed3.jpg',
  encoding: '7bit',
  mimetype: 'text/plain',
  destination: 'uploads/',
  filename: 'f02e719b-a20d-4f5a-8fd3-32bc2c74eed3.jpg',
  path: 'uploads/f02e719b-a20d-4f5a-8fd3-32bc2c74eed3.jpg',
  size: 210167 }
file save
f02e719b-a20d-4f5a-8fd3-32bc2c74eed3
inception predict
stdout: {"category": "etc", "max_label": "none"}

{ category: 'etc', max_label: 'none' }
child process exited with code 1
{ fieldname: 'userfile',
  originalname: 'animal_tiger.jpg',
  encoding: '7bit',
  mimetype: 'image/jpeg',
  destination: 'uploads/',
  filename: 'animal_tiger.jpg',
  path: 'uploads/animal_tiger.jpg',
  size: 12018 }
train request
animal
tiger
tiger
[]
undefined
select_1 :  undefined
{ fieldname: 'userfile',
  originalname: 'animal_bird',
  encoding: '7bit',
  mimetype: 'text/plain',
  destination: 'uploads/',
  filename: 'animal_bird',
  path: 'uploads/animal_bird',
  size: 210167 }
train request
animal
bird
bird
[]
undefined
select_1 :  undefined
error: Forever detected script was killed by signal: SIGKILL
Example app listening on port 3002!
error: Forever detected script was killed by signal: SIGKILL
Example app listening on port 3002!
{ fieldname: 'userfile',
  originalname: 'c5c01f28-3efa-4ea5-8876-723b60d11273.jpg',
  encoding: '7bit',
  mimetype: 'text/plain',
  destination: 'uploads/',
  filename: 'c5c01f28-3efa-4ea5-8876-723b60d11273.jpg',
  path: 'uploads/c5c01f28-3efa-4ea5-8876-723b60d11273.jpg',
  size: 95350 }
file save
c5c01f28-3efa-4ea5-8876-723b60d11273
inception predict
stdout: {"max_label": "dog", "category": "animal"}

{ max_label: 'dog', category: 'animal', ID: 2, cate_ID: 1 }
child process exited with code 1
{ fieldname: 'userfile',
  originalname: '964b4966-84fe-4435-b913-4d0701b86bab.jpg',
  encoding: '7bit',
  mimetype: 'text/plain',
  destination: 'uploads/',
  filename: '964b4966-84fe-4435-b913-4d0701b86bab.jpg',
  path: 'uploads/964b4966-84fe-4435-b913-4d0701b86bab.jpg',
  size: 149625 }
file save
964b4966-84fe-4435-b913-4d0701b86bab
inception predict
stdout: {"category": "etc", "max_label": "none"}

{ category: 'etc', max_label: 'none' }
child process exited with code 1
{ fieldname: 'userfile',
  originalname: 'animal_spider',
  encoding: '7bit',
  mimetype: 'text/plain',
  destination: 'uploads/',
  filename: 'animal_spider',
  path: 'uploads/animal_spider',
  size: 149625 }
train request
animal
spider
spider
[]
undefined
success
(node:26879) [DEP0013] DeprecationWarning: Calling an asynchronous function without callback is deprecated.
select_2 :  1
make directory
insert label table : spider
select_3 :  { ID: 67, cate_ID: 1, name: 'spider' }
{ fieldname: 'userfile',
  originalname: 'd405a517-593d-4c17-bf9a-048fbef84d9d.jpg',
  encoding: '7bit',
  mimetype: 'text/plain',
  destination: 'uploads/',
  filename: 'd405a517-593d-4c17-bf9a-048fbef84d9d.jpg',
  path: 'uploads/d405a517-593d-4c17-bf9a-048fbef84d9d.jpg',
  size: 236352 }
file save
d405a517-593d-4c17-bf9a-048fbef84d9d
inception predict
stdout: {"max_label": "none", "category": "etc"}

{ max_label: 'none', category: 'etc' }
child process exited with code 1
{ fieldname: 'userfile',
  originalname: 'animal_거미',
  encoding: '7bit',
  mimetype: 'text/plain',
  destination: 'uploads/',
  filename: 'animal_거미',
  path: 'uploads/animal_거미',
  size: 236352 }
train request
animal
거미
spider
[{"ID":67,"cate_ID":1,"name":"spider"}]
{ ID: 67, cate_ID: 1, name: 'spider' }
select_1 :  { ID: 67, cate_ID: 1, name: 'spider' }
{ fieldname: 'userfile',
  originalname: 'e122926e-028a-41d3-afb1-df9faedb7f6f.jpg',
  encoding: '7bit',
  mimetype: 'text/plain',
  destination: 'uploads/',
  filename: 'e122926e-028a-41d3-afb1-df9faedb7f6f.jpg',
  path: 'uploads/e122926e-028a-41d3-afb1-df9faedb7f6f.jpg',
  size: 210167 }
file save
e122926e-028a-41d3-afb1-df9faedb7f6f
inception predict
stdout: {"max_label": "none", "category": "etc"}

{ max_label: 'none', category: 'etc' }
child process exited with code 1
{ fieldname: 'userfile',
  originalname: 'animal_새',
  encoding: '7bit',
  mimetype: 'text/plain',
  destination: 'uploads/',
  filename: 'animal_새',
  path: 'uploads/animal_새',
  size: 210167 }
train request
animal
새
bird
[{"ID":66,"cate_ID":1,"name":"bird"}]
{ ID: 66, cate_ID: 1, name: 'bird' }
select_1 :  { ID: 66, cate_ID: 1, name: 'bird' }
{ fieldname: 'userfile',
  originalname: '7fa5fa7b-aa82-49bc-9455-9e9d7355ad83.png',
  encoding: '7bit',
  mimetype: 'text/plain',
  destination: 'uploads/',
  filename: '7fa5fa7b-aa82-49bc-9455-9e9d7355ad83.png',
  path: 'uploads/7fa5fa7b-aa82-49bc-9455-9e9d7355ad83.png',
  size: 29430 }
file save
7fa5fa7b-aa82-49bc-9455-9e9d7355ad83
inception predict
stdout: {"max_label": "dog", "category": "animal"}

{ max_label: 'dog', category: 'animal', ID: 2, cate_ID: 1 }
child process exited with code 1
{ fieldname: 'userfile',
  originalname: 'animal_pig',
  encoding: '7bit',
  mimetype: 'text/plain',
  destination: 'uploads/',
  filename: 'animal_pig',
  path: 'uploads/animal_pig',
  size: 29430 }
train request
animal
pig
pig
[]
undefined
success
(node:26879) [DEP0013] DeprecationWarning: Calling an asynchronous function without callback is deprecated.
select_2 :  1
make directory
insert label table : pig
select_3 :  { ID: 68, cate_ID: 1, name: 'pig' }
{ fieldname: 'userfile',
  originalname: '206557bf-3e6c-4c6c-8283-13ade0ca594c.png',
  encoding: '7bit',
  mimetype: 'text/plain',
  destination: 'uploads/',
  filename: '206557bf-3e6c-4c6c-8283-13ade0ca594c.png',
  path: 'uploads/206557bf-3e6c-4c6c-8283-13ade0ca594c.png',
  size: 60875 }
file save
206557bf-3e6c-4c6c-8283-13ade0ca594c
inception predict
stdout: {"category": "etc", "max_label": "none"}

{ category: 'etc', max_label: 'none' }
child process exited with code 1
{ fieldname: 'userfile',
  originalname: 'bathroom_치약',
  encoding: '7bit',
  mimetype: 'text/plain',
  destination: 'uploads/',
  filename: 'bathroom_치약',
  path: 'uploads/bathroom_치약',
  size: 60875 }
train request
bathroom
치약
toothpaste
[]
undefined
success
select_2 :  6
(node:26879) [DEP0013] DeprecationWarning: Calling an asynchronous function without callback is deprecated.
make directory
insert label table : toothpaste
select_3 :  { ID: 69, cate_ID: 6, name: 'toothpaste' }
{ fieldname: 'userfile',
  originalname: '36d65735-d729-4326-a196-0dd87a3b83bc2131163550.jpg',
  encoding: '7bit',
  mimetype: 'text/plain',
  destination: 'uploads/',
  filename: '36d65735-d729-4326-a196-0dd87a3b83bc2131163550.jpg',
  path: 'uploads/36d65735-d729-4326-a196-0dd87a3b83bc2131163550.jpg',
  size: 807344 }
file save
36d65735-d729-4326-a196-0dd87a3b83bc2131163550
inception predict
stdout: {"category": "electronics", "max_label": "mike"}

{ category: 'electronics', max_label: 'mike', ID: 6, cate_ID: 7 }
child process exited with code 1
{ fieldname: 'userfile',
  originalname: 'room_glasses',
  encoding: '7bit',
  mimetype: 'text/plain',
  destination: 'uploads/',
  filename: 'room_glasses',
  path: 'uploads/room_glasses',
  size: 807344 }
train request
room
glasses
glasses
[]
undefined
success
(node:26879) [DEP0013] DeprecationWarning: Calling an asynchronous function without callback is deprecated.
select_2 :  8
make directory
insert label table : glasses
select_3 :  { ID: 70, cate_ID: 8, name: 'glasses' }
{ fieldname: 'userfile',
  originalname: 'bd0dd54b-df47-47fd-8f49-f402aee01573215169920.jpg',
  encoding: '7bit',
  mimetype: 'text/plain',
  destination: 'uploads/',
  filename: 'bd0dd54b-df47-47fd-8f49-f402aee01573215169920.jpg',
  path: 'uploads/bd0dd54b-df47-47fd-8f49-f402aee01573215169920.jpg',
  size: 480240 }
file save
bd0dd54b-df47-47fd-8f49-f402aee01573215169920
inception predict
stdout: {"max_label": "none", "category": "etc"}

{ max_label: 'none', category: 'etc' }
child process exited with code 1
{ fieldname: 'userfile',
  originalname: 'outdoor_꽃',
  encoding: '7bit',
  mimetype: 'text/plain',
  destination: 'uploads/',
  filename: 'outdoor_꽃',
  path: 'uploads/outdoor_꽃',
  size: 480240 }
train request
outdoor
꽃
flower
[]
undefined
success
(node:26879) [DEP0013] DeprecationWarning: Calling an asynchronous function without callback is deprecated.
make directory
select_2 :  2
insert label table : flower
select_3 :  { ID: 71, cate_ID: 2, name: 'flower' }
{ fieldname: 'userfile',
  originalname: '21033b52-41a7-442d-82cf-fadd61955d65.jpg',
  encoding: '7bit',
  mimetype: 'text/plain',
  destination: 'uploads/',
  filename: '21033b52-41a7-442d-82cf-fadd61955d65.jpg',
  path: 'uploads/21033b52-41a7-442d-82cf-fadd61955d65.jpg',
  size: 190815 }
file save
21033b52-41a7-442d-82cf-fadd61955d65
inception predict
stdout: {"max_label": "tumbler", "category": "kitchen"}

{ max_label: 'tumbler', category: 'kitchen', ID: 25, cate_ID: 5 }
child process exited with code 1
{ fieldname: 'userfile',
  originalname: 'room_소화기',
  encoding: '7bit',
  mimetype: 'text/plain',
  destination: 'uploads/',
  filename: 'room_소화기',
  path: 'uploads/room_소화기',
  size: 190815 }
train request
room
소화기
fire extinguisher
[]
undefined
success
(node:26879) [DEP0013] DeprecationWarning: Calling an asynchronous function without callback is deprecated.
select_2 :  8
make directory
insert label table : fire extinguisher
select_3 :  { ID: 72, cate_ID: 8, name: 'fire extinguisher' }
{ fieldname: 'userfile',
  originalname: '377ea9ec-20ba-4929-bc78-bc00573feef9.jpg',
  encoding: '7bit',
  mimetype: 'text/plain',
  destination: 'uploads/',
  filename: '377ea9ec-20ba-4929-bc78-bc00573feef9.jpg',
  path: 'uploads/377ea9ec-20ba-4929-bc78-bc00573feef9.jpg',
  size: 276663 }
file save
377ea9ec-20ba-4929-bc78-bc00573feef9
inception predict
stdout: {"max_label": "bottle", "category": "kitchen"}

{ max_label: 'bottle', category: 'kitchen', ID: 29, cate_ID: 5 }
child process exited with code 1
{ fieldname: 'userfile',
  originalname: 'room_소화기',
  encoding: '7bit',
  mimetype: 'text/plain',
  destination: 'uploads/',
  filename: 'room_소화기',
  path: 'uploads/room_소화기',
  size: 276663 }
train request
room
소화기
fire extinguisher
[{"ID":72,"cate_ID":8,"name":"fire extinguisher"}]
{ ID: 72, cate_ID: 8, name: 'fire extinguisher' }
select_1 :  { ID: 72, cate_ID: 8, name: 'fire extinguisher' }
18 request
{ fieldname: 'userfile',
  originalname: 'e5788c76-f65c-4cb6-9af9-06728cf784e86451069968362648937.jpg',
  encoding: '7bit',
  mimetype: 'text/plain',
  destination: 'uploads/',
  filename: 'e5788c76-f65c-4cb6-9af9-06728cf784e86451069968362648937.jpg',
  path: 'uploads/e5788c76-f65c-4cb6-9af9-06728cf784e86451069968362648937.jpg',
  size: 13522 }
file save
e5788c76-f65c-4cb6-9af9-06728cf784e86451069968362648937
inception predict
{ fieldname: 'userfile',
  originalname: 'e5788c76-f65c-4cb6-9af9-06728cf784e86451069968362648937.jpg',
  encoding: '7bit',
  mimetype: 'text/plain',
  destination: 'uploads/',
  filename: 'e5788c76-f65c-4cb6-9af9-06728cf784e86451069968362648937.jpg',
  path: 'uploads/e5788c76-f65c-4cb6-9af9-06728cf784e86451069968362648937.jpg',
  size: 5429 }
file save
e5788c76-f65c-4cb6-9af9-06728cf784e86451069968362648937
inception predict
child process exited with code null
stdout: {"max_label": "none", "category": "etc"}

{ max_label: 'none', category: 'etc' }
child process exited with code 1
{ fieldname: 'userfile',
  originalname: '64e7ad11-8ae6-4521-a31d-2df2e295d5d2.jpg',
  encoding: '7bit',
  mimetype: 'text/plain',
  destination: 'uploads/',
  filename: '64e7ad11-8ae6-4521-a31d-2df2e295d5d2.jpg',
  path: 'uploads/64e7ad11-8ae6-4521-a31d-2df2e295d5d2.jpg',
  size: 2414 }
file save
64e7ad11-8ae6-4521-a31d-2df2e295d5d2
inception predict
stdout: {"max_label": "toilet paper", "category": "bathroom"}

{ max_label: 'toilet paper',
  category: 'bathroom',
  ID: 47,
  cate_ID: 6 }
child process exited with code 1
{ fieldname: 'userfile',
  originalname: 'd297449b-7fbe-470e-a52b-8f3c9cc6528e.jpg',
  encoding: '7bit',
  mimetype: 'text/plain',
  destination: 'uploads/',
  filename: 'd297449b-7fbe-470e-a52b-8f3c9cc6528e.jpg',
  path: 'uploads/d297449b-7fbe-470e-a52b-8f3c9cc6528e.jpg',
  size: 2414 }
file save
d297449b-7fbe-470e-a52b-8f3c9cc6528e
inception predict
stdout: {"category": "bathroom", "max_label": "toilet paper"}

{ category: 'bathroom',
  max_label: 'toilet paper',
  ID: 47,
  cate_ID: 6 }
child process exited with code 1
{ fieldname: 'userfile',
  originalname: 'dd349bc5-2e1c-4de4-bb85-f0110723a5ce.jpg',
  encoding: '7bit',
  mimetype: 'text/plain',
  destination: 'uploads/',
  filename: 'dd349bc5-2e1c-4de4-bb85-f0110723a5ce.jpg',
  path: 'uploads/dd349bc5-2e1c-4de4-bb85-f0110723a5ce.jpg',
  size: 2414 }
file save
dd349bc5-2e1c-4de4-bb85-f0110723a5ce
inception predict
stdout: {"max_label": "toilet paper", "category": "bathroom"}

{ max_label: 'toilet paper',
  category: 'bathroom',
  ID: 47,
  cate_ID: 6 }
child process exited with code 1
{ fieldname: 'userfile',
  originalname: 'b84bb3c1-d45f-413c-8a2a-7788b5ea2919.jpg',
  encoding: '7bit',
  mimetype: 'text/plain',
  destination: 'uploads/',
  filename: 'b84bb3c1-d45f-413c-8a2a-7788b5ea2919.jpg',
  path: 'uploads/b84bb3c1-d45f-413c-8a2a-7788b5ea2919.jpg',
  size: 2414 }
file save
b84bb3c1-d45f-413c-8a2a-7788b5ea2919
inception predict
stdout: {"category": "bathroom", "max_label": "toilet paper"}

{ category: 'bathroom',
  max_label: 'toilet paper',
  ID: 47,
  cate_ID: 6 }
child process exited with code 1
{ fieldname: 'userfile',
  originalname: 'b7d06262-0840-466a-9f16-aa584d30e298.jpg',
  encoding: '7bit',
  mimetype: 'text/plain',
  destination: 'uploads/',
  filename: 'b7d06262-0840-466a-9f16-aa584d30e298.jpg',
  path: 'uploads/b7d06262-0840-466a-9f16-aa584d30e298.jpg',
  size: 2448 }
file save
b7d06262-0840-466a-9f16-aa584d30e298
inception predict
stdout: {"category": "animal", "max_label": "cat"}

{ category: 'animal', max_label: 'cat', ID: 1, cate_ID: 1 }
child process exited with code 1
{ fieldname: 'userfile',
  originalname: 'b778b4b3-2ece-4430-afbd-a3ba856c6070.jpg',
  encoding: '7bit',
  mimetype: 'text/plain',
  destination: 'uploads/',
  filename: 'b778b4b3-2ece-4430-afbd-a3ba856c6070.jpg',
  path: 'uploads/b778b4b3-2ece-4430-afbd-a3ba856c6070.jpg',
  size: 3441 }
file save
b778b4b3-2ece-4430-afbd-a3ba856c6070
inception predict
stdout: {"max_label": "strawberry", "category": "food"}

{ max_label: 'strawberry', category: 'food', ID: 15, cate_ID: 3 }
child process exited with code 1
{ fieldname: 'userfile',
  originalname: '2ea420ce-2955-46b5-99fc-c4a61aafcd06.jpg',
  encoding: '7bit',
  mimetype: 'text/plain',
  destination: 'uploads/',
  filename: '2ea420ce-2955-46b5-99fc-c4a61aafcd06.jpg',
  path: 'uploads/2ea420ce-2955-46b5-99fc-c4a61aafcd06.jpg',
  size: 2269 }
file save
2ea420ce-2955-46b5-99fc-c4a61aafcd06
inception predict
{ fieldname: 'userfile',
  originalname: '2ea420ce-2955-46b5-99fc-c4a61aafcd06.jpg',
  encoding: '7bit',
  mimetype: 'text/plain',
  destination: 'uploads/',
  filename: '2ea420ce-2955-46b5-99fc-c4a61aafcd06.jpg',
  path: 'uploads/2ea420ce-2955-46b5-99fc-c4a61aafcd06.jpg',
  size: 2269 }
file save
2ea420ce-2955-46b5-99fc-c4a61aafcd06
inception predict
child process exited with code 1
stdout: {"max_label": "toilet", "category": "bathroom"}

{ max_label: 'toilet', category: 'bathroom', ID: 45, cate_ID: 6 }
child process exited with code 1
{ fieldname: 'userfile',
  originalname: 'e5916e25-aac8-4776-8357-24484396fc5d.jpg',
  encoding: '7bit',
  mimetype: 'text/plain',
  destination: 'uploads/',
  filename: 'e5916e25-aac8-4776-8357-24484396fc5d.jpg',
  path: 'uploads/e5916e25-aac8-4776-8357-24484396fc5d.jpg',
  size: 2784 }
file save
e5916e25-aac8-4776-8357-24484396fc5d
inception predict
stdout: {"category": "food", "max_label": "apple"}

{ category: 'food', max_label: 'apple', ID: 9, cate_ID: 3 }
child process exited with code 1
{ fieldname: 'userfile',
  originalname: 'bc648d65-6044-418f-9a25-a349f3b3b29f.jpg',
  encoding: '7bit',
  mimetype: 'text/plain',
  destination: 'uploads/',
  filename: 'bc648d65-6044-418f-9a25-a349f3b3b29f.jpg',
  path: 'uploads/bc648d65-6044-418f-9a25-a349f3b3b29f.jpg',
  size: 3441 }
file save
bc648d65-6044-418f-9a25-a349f3b3b29f
inception predict
stdout: {"max_label": "strawberry", "category": "food"}

{ max_label: 'strawberry', category: 'food', ID: 15, cate_ID: 3 }
child process exited with code 1
{ fieldname: 'userfile',
  originalname: '7530a561-bed0-4d1f-8600-4e9a26e0b8c1.jpg',
  encoding: '7bit',
  mimetype: 'text/plain',
  destination: 'uploads/',
  filename: '7530a561-bed0-4d1f-8600-4e9a26e0b8c1.jpg',
  path: 'uploads/7530a561-bed0-4d1f-8600-4e9a26e0b8c1.jpg',
  size: 4069 }
file save
7530a561-bed0-4d1f-8600-4e9a26e0b8c1
inception predict
stdout: {"max_label": "car", "category": "outdoor"}

{ max_label: 'car', category: 'outdoor', ID: 52, cate_ID: 2 }
child process exited with code 1
{ fieldname: 'userfile',
  originalname: '3113b6d3-5774-4d14-9859-89512e800f0a.jpg',
  encoding: '7bit',
  mimetype: 'text/plain',
  destination: 'uploads/',
  filename: '3113b6d3-5774-4d14-9859-89512e800f0a.jpg',
  path: 'uploads/3113b6d3-5774-4d14-9859-89512e800f0a.jpg',
  size: 3441 }
file save
3113b6d3-5774-4d14-9859-89512e800f0a
inception predict
stdout: {"category": "food", "max_label": "strawberry"}

{ category: 'food', max_label: 'strawberry', ID: 15, cate_ID: 3 }
child process exited with code 1
{ fieldname: 'userfile',
  originalname: '323495dc-ff9e-4375-a6b7-9e96e39c9fe1.jpg',
  encoding: '7bit',
  mimetype: 'text/plain',
  destination: 'uploads/',
  filename: '323495dc-ff9e-4375-a6b7-9e96e39c9fe1.jpg',
  path: 'uploads/323495dc-ff9e-4375-a6b7-9e96e39c9fe1.jpg',
  size: 3441 }
file save
323495dc-ff9e-4375-a6b7-9e96e39c9fe1
inception predict
stdout: {"max_label": "strawberry", "category": "food"}

{ max_label: 'strawberry', category: 'food', ID: 15, cate_ID: 3 }
child process exited with code 1
{ fieldname: 'userfile',
  originalname: 'a7872009-8ae7-4b52-bae2-f03482f1d05b.jpg',
  encoding: '7bit',
  mimetype: 'text/plain',
  destination: 'uploads/',
  filename: 'a7872009-8ae7-4b52-bae2-f03482f1d05b.jpg',
  path: 'uploads/a7872009-8ae7-4b52-bae2-f03482f1d05b.jpg',
  size: 2414 }
file save
a7872009-8ae7-4b52-bae2-f03482f1d05b
inception predict
stdout: {"category": "bathroom", "max_label": "toilet paper"}

{ category: 'bathroom',
  max_label: 'toilet paper',
  ID: 47,
  cate_ID: 6 }
child process exited with code 1
{ fieldname: 'userfile',
  originalname: '960fac5e-9110-4d8a-8279-ca0391a74781.jpg',
  encoding: '7bit',
  mimetype: 'text/plain',
  destination: 'uploads/',
  filename: '960fac5e-9110-4d8a-8279-ca0391a74781.jpg',
  path: 'uploads/960fac5e-9110-4d8a-8279-ca0391a74781.jpg',
  size: 3519 }
file save
960fac5e-9110-4d8a-8279-ca0391a74781
inception predict
stdout: {"category": "kitchen", "max_label": "scissor"}

{ category: 'kitchen', max_label: 'scissor', ID: 19, cate_ID: 5 }
child process exited with code 1
{ fieldname: 'userfile',
  originalname: '8943d763-f4fb-4c71-bb19-d8333bee48fd.jpg',
  encoding: '7bit',
  mimetype: 'text/plain',
  destination: 'uploads/',
  filename: '8943d763-f4fb-4c71-bb19-d8333bee48fd.jpg',
  path: 'uploads/8943d763-f4fb-4c71-bb19-d8333bee48fd.jpg',
  size: 2784 }
file save
8943d763-f4fb-4c71-bb19-d8333bee48fd
inception predict
stdout: {"max_label": "apple", "category": "food"}

{ max_label: 'apple', category: 'food', ID: 9, cate_ID: 3 }
child process exited with code 1
{ fieldname: 'userfile',
  originalname: '8d5dfd04-911a-4e51-b60a-e3f6fe63da99.jpg',
  encoding: '7bit',
  mimetype: 'text/plain',
  destination: 'uploads/',
  filename: '8d5dfd04-911a-4e51-b60a-e3f6fe63da99.jpg',
  path: 'uploads/8d5dfd04-911a-4e51-b60a-e3f6fe63da99.jpg',
  size: 2478 }
file save
8d5dfd04-911a-4e51-b60a-e3f6fe63da99
inception predict
stdout: {"category": "kitchen", "max_label": "tumbler"}

{ category: 'kitchen', max_label: 'tumbler', ID: 25, cate_ID: 5 }
child process exited with code 1
{ fieldname: 'userfile',
  originalname: 'a0335b6d-2102-48a6-840d-1ac115ce2af9.jpg',
  encoding: '7bit',
  mimetype: 'text/plain',
  destination: 'uploads/',
  filename: 'a0335b6d-2102-48a6-840d-1ac115ce2af9.jpg',
  path: 'uploads/a0335b6d-2102-48a6-840d-1ac115ce2af9.jpg',
  size: 2478 }
file save
a0335b6d-2102-48a6-840d-1ac115ce2af9
inception predict
stdout: {"max_label": "tumbler", "category": "kitchen"}

{ max_label: 'tumbler', category: 'kitchen', ID: 25, cate_ID: 5 }
child process exited with code 1
{ fieldname: 'userfile',
  originalname: 'e270200b-d352-4925-b106-a5a9499276a4.jpg',
  encoding: '7bit',
  mimetype: 'text/plain',
  destination: 'uploads/',
  filename: 'e270200b-d352-4925-b106-a5a9499276a4.jpg',
  path: 'uploads/e270200b-d352-4925-b106-a5a9499276a4.jpg',
  size: 3519 }
file save
e270200b-d352-4925-b106-a5a9499276a4
inception predict
stdout: {"max_label": "scissor", "category": "kitchen"}

{ max_label: 'scissor', category: 'kitchen', ID: 19, cate_ID: 5 }
child process exited with code 1
{ fieldname: 'userfile',
  originalname: 'b1e41a8d-6d0e-41e1-8f4c-ba78adc262f2.jpg',
  encoding: '7bit',
  mimetype: 'text/plain',
  destination: 'uploads/',
  filename: 'b1e41a8d-6d0e-41e1-8f4c-ba78adc262f2.jpg',
  path: 'uploads/b1e41a8d-6d0e-41e1-8f4c-ba78adc262f2.jpg',
  size: 3441 }
file save
b1e41a8d-6d0e-41e1-8f4c-ba78adc262f2
inception predict
stdout: {"max_label": "strawberry", "category": "food"}

{ max_label: 'strawberry', category: 'food', ID: 15, cate_ID: 3 }
child process exited with code 1
{ fieldname: 'userfile',
  originalname: '12bf8f65-1ff9-4c7a-a930-88b5bfe3a310.jpg',
  encoding: '7bit',
  mimetype: 'text/plain',
  destination: 'uploads/',
  filename: '12bf8f65-1ff9-4c7a-a930-88b5bfe3a310.jpg',
  path: 'uploads/12bf8f65-1ff9-4c7a-a930-88b5bfe3a310.jpg',
  size: 3441 }
file save
12bf8f65-1ff9-4c7a-a930-88b5bfe3a310
inception predict
stdout: {"category": "food", "max_label": "strawberry"}

{ category: 'food', max_label: 'strawberry', ID: 15, cate_ID: 3 }
child process exited with code 1
{ fieldname: 'userfile',
  originalname: '2d77fb55-8b06-44bc-9812-41cb4cf376a81202557960.jpg',
  encoding: '7bit',
  mimetype: 'text/plain',
  destination: 'uploads/',
  filename: '2d77fb55-8b06-44bc-9812-41cb4cf376a81202557960.jpg',
  path: 'uploads/2d77fb55-8b06-44bc-9812-41cb4cf376a81202557960.jpg',
  size: 327482 }
file save
2d77fb55-8b06-44bc-9812-41cb4cf376a81202557960
inception predict
stdout: {"category": "electronics", "max_label": "mouse"}

{ category: 'electronics',
  max_label: 'mouse',
  ID: 31,
  cate_ID: 7 }
child process exited with code 1
{ fieldname: 'userfile',
  originalname: 'b7a1b48d-522b-4600-9bcd-89749ee0d4681205765628.jpg',
  encoding: '7bit',
  mimetype: 'text/plain',
  destination: 'uploads/',
  filename: 'b7a1b48d-522b-4600-9bcd-89749ee0d4681205765628.jpg',
  path: 'uploads/b7a1b48d-522b-4600-9bcd-89749ee0d4681205765628.jpg',
  size: 271928 }
file save
b7a1b48d-522b-4600-9bcd-89749ee0d4681205765628
inception predict
stdout: {"max_label": "mouse", "category": "electronics"}

{ max_label: 'mouse',
  category: 'electronics',
  ID: 31,
  cate_ID: 7 }
child process exited with code 1
{ fieldname: 'userfile',
  originalname: 'e6b4f133-66b0-4782-95ce-809e09b1cdc7.jpg',
  encoding: '7bit',
  mimetype: 'text/plain',
  destination: 'uploads/',
  filename: 'e6b4f133-66b0-4782-95ce-809e09b1cdc7.jpg',
  path: 'uploads/e6b4f133-66b0-4782-95ce-809e09b1cdc7.jpg',
  size: 108273 }
file save
e6b4f133-66b0-4782-95ce-809e09b1cdc7
inception predict
stdout: {"category": "etc", "max_label": "none"}

{ category: 'etc', max_label: 'none' }
child process exited with code 1
{ fieldname: 'userfile',
  originalname: '63b4a79f-e502-461e-8fb9-c376121df3ce.jpg',
  encoding: '7bit',
  mimetype: 'text/plain',
  destination: 'uploads/',
  filename: '63b4a79f-e502-461e-8fb9-c376121df3ce.jpg',
  path: 'uploads/63b4a79f-e502-461e-8fb9-c376121df3ce.jpg',
  size: 168170 }
file save
63b4a79f-e502-461e-8fb9-c376121df3ce
inception predict
stdout: {"max_label": "none", "category": "etc"}

{ max_label: 'none', category: 'etc' }
child process exited with code 1
{ fieldname: 'userfile',
  originalname: '6063fe9d-8c41-45c5-a025-7ffae6b15774.jpg',
  encoding: '7bit',
  mimetype: 'text/plain',
  destination: 'uploads/',
  filename: '6063fe9d-8c41-45c5-a025-7ffae6b15774.jpg',
  path: 'uploads/6063fe9d-8c41-45c5-a025-7ffae6b15774.jpg',
  size: 81300 }
file save
6063fe9d-8c41-45c5-a025-7ffae6b15774
inception predict
stdout: {"category": "animal", "max_label": "cat"}

{ category: 'animal', max_label: 'cat', ID: 1, cate_ID: 1 }
child process exited with code 1
{ fieldname: 'userfile',
  originalname: '8fed5a1c-c7d8-4ce0-bbd6-dbb770a9d50a.jpg',
  encoding: '7bit',
  mimetype: 'text/plain',
  destination: 'uploads/',
  filename: '8fed5a1c-c7d8-4ce0-bbd6-dbb770a9d50a.jpg',
  path: 'uploads/8fed5a1c-c7d8-4ce0-bbd6-dbb770a9d50a.jpg',
  size: 377836 }
file save
8fed5a1c-c7d8-4ce0-bbd6-dbb770a9d50a
inception predict
stdout: {"category": "kitchen", "max_label": "bottle"}

{ category: 'kitchen', max_label: 'bottle', ID: 29, cate_ID: 5 }
child process exited with code 1
{ fieldname: 'userfile',
  originalname: '93fd7d3a-a7ab-41f2-bf39-a4041dcdc72c.jpg',
  encoding: '7bit',
  mimetype: 'text/plain',
  destination: 'uploads/',
  filename: '93fd7d3a-a7ab-41f2-bf39-a4041dcdc72c.jpg',
  path: 'uploads/93fd7d3a-a7ab-41f2-bf39-a4041dcdc72c.jpg',
  size: 377836 }
file save
93fd7d3a-a7ab-41f2-bf39-a4041dcdc72c
inception predict
stdout: {"max_label": "bottle", "category": "kitchen"}

{ max_label: 'bottle', category: 'kitchen', ID: 29, cate_ID: 5 }
child process exited with code 1
{ fieldname: 'userfile',
  originalname: '065670b7-8532-4fff-a5a2-9ea2eafb177c.jpg',
  encoding: '7bit',
  mimetype: 'text/plain',
  destination: 'uploads/',
  filename: '065670b7-8532-4fff-a5a2-9ea2eafb177c.jpg',
  path: 'uploads/065670b7-8532-4fff-a5a2-9ea2eafb177c.jpg',
  size: 392504 }
file save
065670b7-8532-4fff-a5a2-9ea2eafb177c
inception predict
stdout: {"category": "kitchen", "max_label": "tumbler"}

{ category: 'kitchen', max_label: 'tumbler', ID: 25, cate_ID: 5 }
child process exited with code 1
18 request
18 request
18 request
18 request
18 request
18 request
18 request
18 request
18 request
18 request
18 request
{ fieldname: 'userfile',
  originalname: '2e5b4e0b-070a-4705-8e17-48d95b78942d.jpg',
  encoding: '7bit',
  mimetype: 'text/plain',
  destination: 'uploads/',
  filename: '2e5b4e0b-070a-4705-8e17-48d95b78942d.jpg',
  path: 'uploads/2e5b4e0b-070a-4705-8e17-48d95b78942d.jpg',
  size: 61793 }
file save
2e5b4e0b-070a-4705-8e17-48d95b78942d
inception predict
stdout: {"category": "animal", "max_label": "cat"}

{ category: 'animal', max_label: 'cat', ID: 1, cate_ID: 1 }
child process exited with code 1
18 request
18 request
{ fieldname: 'userfile',
  originalname: '386492e3-4311-4482-9689-3568087d1889241491968.jpg',
  encoding: '7bit',
  mimetype: 'text/plain',
  destination: 'uploads/',
  filename: '386492e3-4311-4482-9689-3568087d1889241491968.jpg',
  path: 'uploads/386492e3-4311-4482-9689-3568087d1889241491968.jpg',
  size: 360542 }
file save
386492e3-4311-4482-9689-3568087d1889241491968
inception predict
stdout: {"category": "kitchen", "max_label": "tumbler"}

{ category: 'kitchen', max_label: 'tumbler', ID: 25, cate_ID: 5 }
child process exited with code 1
{ fieldname: 'userfile',
  originalname: '802e560f-25d5-4e8d-91e9-320c961ee3e9.jpg',
  encoding: '7bit',
  mimetype: 'text/plain',
  destination: 'uploads/',
  filename: '802e560f-25d5-4e8d-91e9-320c961ee3e9.jpg',
  path: 'uploads/802e560f-25d5-4e8d-91e9-320c961ee3e9.jpg',
  size: 188857 }
file save
802e560f-25d5-4e8d-91e9-320c961ee3e9
inception predict
stdout: {"category": "etc", "max_label": "none"}

{ category: 'etc', max_label: 'none' }
child process exited with code 1
{ fieldname: 'userfile',
  originalname: '802e560f-25d5-4e8d-91e9-320c961ee3e9.jpg',
  encoding: '7bit',
  mimetype: 'text/plain',
  destination: 'uploads/',
  filename: '802e560f-25d5-4e8d-91e9-320c961ee3e9.jpg',
  path: 'uploads/802e560f-25d5-4e8d-91e9-320c961ee3e9.jpg',
  size: 19118 }
file save
802e560f-25d5-4e8d-91e9-320c961ee3e9
inception predict
stdout: {"max_label": "motoycycle", "category": "outdoor"}

{ max_label: 'motoycycle', category: 'outdoor' }
child process exited with code 1
{ fieldname: 'userfile',
  originalname: 'a303e68b-dd93-4b44-ab83-79ead6383cca.jpg',
  encoding: '7bit',
  mimetype: 'text/plain',
  destination: 'uploads/',
  filename: 'a303e68b-dd93-4b44-ab83-79ead6383cca.jpg',
  path: 'uploads/a303e68b-dd93-4b44-ab83-79ead6383cca.jpg',
  size: 152828 }
file save
a303e68b-dd93-4b44-ab83-79ead6383cca
inception predict
stdout: {"category": "etc", "max_label": "none"}

{ category: 'etc', max_label: 'none' }
child process exited with code 1
{ fieldname: 'userfile',
  originalname: 'a303e68b-dd93-4b44-ab83-79ead6383cca.jpg',
  encoding: '7bit',
  mimetype: 'text/plain',
  destination: 'uploads/',
  filename: 'a303e68b-dd93-4b44-ab83-79ead6383cca.jpg',
  path: 'uploads/a303e68b-dd93-4b44-ab83-79ead6383cca.jpg',
  size: 110535 }
file save
a303e68b-dd93-4b44-ab83-79ead6383cca
inception predict
stdout: {"max_label": "none", "category": "etc"}

{ max_label: 'none', category: 'etc' }
child process exited with code 1
{ fieldname: 'userfile',
  originalname: 'animal_새',
  encoding: '7bit',
  mimetype: 'text/plain',
  destination: 'uploads/',
  filename: 'animal_새',
  path: 'uploads/animal_새',
  size: 110535 }
train request
animal
새
bird
[{"ID":66,"cate_ID":1,"name":"bird"}]
{ ID: 66, cate_ID: 1, name: 'bird' }
select_1 :  { ID: 66, cate_ID: 1, name: 'bird' }
{ fieldname: 'userfile',
  originalname: 'e39257f9-f9ae-446e-8a04-854dec785ec8.jpg',
  encoding: '7bit',
  mimetype: 'text/plain',
  destination: 'uploads/',
  filename: 'e39257f9-f9ae-446e-8a04-854dec785ec8.jpg',
  path: 'uploads/e39257f9-f9ae-446e-8a04-854dec785ec8.jpg',
  size: 522033 }
file save
e39257f9-f9ae-446e-8a04-854dec785ec8
inception predict
child process exited with code 1
{ fieldname: 'userfile',
  originalname: 'e39257f9-f9ae-446e-8a04-854dec785ec8.jpg',
  encoding: '7bit',
  mimetype: 'text/plain',
  destination: 'uploads/',
  filename: 'e39257f9-f9ae-446e-8a04-854dec785ec8.jpg',
  path: 'uploads/e39257f9-f9ae-446e-8a04-854dec785ec8.jpg',
  size: 277188 }
file save
e39257f9-f9ae-446e-8a04-854dec785ec8
inception predict
stdout: {"max_label": "none", "category": "etc"}

{ max_label: 'none', category: 'etc' }
child process exited with code 1
{ fieldname: 'userfile',
  originalname: 'e39257f9-f9ae-446e-8a04-854dec785ec8.jpg',
  encoding: '7bit',
  mimetype: 'text/plain',
  destination: 'uploads/',
  filename: 'e39257f9-f9ae-446e-8a04-854dec785ec8.jpg',
  path: 'uploads/e39257f9-f9ae-446e-8a04-854dec785ec8.jpg',
  size: 135315 }
file save
e39257f9-f9ae-446e-8a04-854dec785ec8
inception predict
stdout: {"category": "clothes", "max_label": "skirt"}

{ category: 'clothes', max_label: 'skirt', ID: 4, cate_ID: 9 }
child process exited with code 1
{ fieldname: 'userfile',
  originalname: '273e29af-7d0c-4409-89e7-031042abd5be1798604617.jpg',
  encoding: '7bit',
  mimetype: 'text/plain',
  destination: 'uploads/',
  filename: '273e29af-7d0c-4409-89e7-031042abd5be1798604617.jpg',
  path: 'uploads/273e29af-7d0c-4409-89e7-031042abd5be1798604617.jpg',
  size: 328346 }
file save
273e29af-7d0c-4409-89e7-031042abd5be1798604617
inception predict
stdout: {"max_label": "mouse", "category": "electronics"}

{ max_label: 'mouse',
  category: 'electronics',
  ID: 31,
  cate_ID: 7 }
child process exited with code 1
